{"/Users/josteintollefsrud/Developer/onboarding/src/DefaultCard.tsx": {"path":"/Users/josteintollefsrud/Developer/onboarding/src/DefaultCard.tsx","statementMap":{"0":{"start":{"line":4,"column":50},"end":{"line":140,"column":null}},"1":{"start":{"line":13,"column":2},"end":{"line":138,"column":null}}},"fnMap":{"0":{"name":"(anonymous_0)","decl":{"start":{"line":4,"column":50},"end":{"line":4,"column":51}},"loc":{"start":{"line":12,"column":6},"end":{"line":140,"column":null}},"line":12}},"branchMap":{"0":{"loc":{"start":{"line":34,"column":9},"end":{"line":34,"column":null}},"type":"binary-expr","locations":[{"start":{"line":34,"column":9},"end":{"line":34,"column":22}},{"start":{"line":34,"column":22},"end":{"line":34,"column":null}}],"line":34},"1":{"loc":{"start":{"line":75,"column":21},"end":{"line":75,"column":null}},"type":"cond-expr","locations":[{"start":{"line":75,"column":41},"end":{"line":75,"column":51}},{"start":{"line":75,"column":51},"end":{"line":75,"column":null}}],"line":75},"2":{"loc":{"start":{"line":84,"column":9},"end":{"line":113,"column":null}},"type":"cond-expr","locations":[{"start":{"line":85,"column":10},"end":{"line":98,"column":null}},{"start":{"line":100,"column":10},"end":{"line":113,"column":null}}],"line":84},"3":{"loc":{"start":{"line":94,"column":23},"end":{"line":94,"column":null}},"type":"cond-expr","locations":[{"start":{"line":94,"column":43},"end":{"line":94,"column":53}},{"start":{"line":94,"column":53},"end":{"line":94,"column":null}}],"line":94},"4":{"loc":{"start":{"line":109,"column":23},"end":{"line":109,"column":null}},"type":"cond-expr","locations":[{"start":{"line":109,"column":43},"end":{"line":109,"column":53}},{"start":{"line":109,"column":53},"end":{"line":109,"column":null}}],"line":109},"5":{"loc":{"start":{"line":119,"column":7},"end":{"line":136,"column":null}},"type":"binary-expr","locations":[{"start":{"line":119,"column":7},"end":{"line":119,"column":19}},{"start":{"line":119,"column":19},"end":{"line":119,"column":null}},{"start":{"line":120,"column":8},"end":{"line":136,"column":null}}],"line":119},"6":{"loc":{"start":{"line":132,"column":21},"end":{"line":132,"column":null}},"type":"cond-expr","locations":[{"start":{"line":132,"column":37},"end":{"line":132,"column":47}},{"start":{"line":132,"column":47},"end":{"line":132,"column":null}}],"line":132}},"s":{"0":1,"1":30},"f":{"0":30},"b":{"0":[30,2],"1":[27,3],"2":[8,22],"3":[7,1],"4":[20,2],"5":[30,29,21],"6":[20,1]},"meta":{"lastBranch":7,"lastFunction":1,"lastStatement":2,"seen":{"s:4:50:140:Infinity":0,"f:4:50:4:51":0,"s:13:2:138:Infinity":1,"b:34:9:34:22:34:22:34:Infinity":0,"b:75:41:75:51:75:51:75:Infinity":1,"b:85:10:98:Infinity:100:10:113:Infinity":2,"b:94:43:94:53:94:53:94:Infinity":3,"b:109:43:109:53:109:53:109:Infinity":4,"b:119:7:119:19:119:19:119:Infinity:120:8:136:Infinity":5,"b:132:37:132:47:132:47:132:Infinity":6}}}
}
